Log file open, 11/27/15 17:33:00
LogInit:Display: Running engine for game: Bedtime
LogInit: Version: 4.7.6-2513093+++depot+UE4-Releases+4.7
LogInit: API Version: 2455222
LogInit: Compiled (64-bit): Apr 15 2015 12:09:54
LogInit: Compiled with Visual C++: 18.00.21005.01
LogInit: Build Configuration: Development
LogInit: Branch Name: ++depot+UE4-Releases+4.7
LogInit: Command line: 
LogInit: Base directory: C:/Program Files/Epic Games/4.7/Engine/Binaries/Win64/
LogInit: Rocket: 1
[2015.11.28-01.33.00:367][  0]LogTaskGraph: Started task graph with 3 named threads and 4 total threads.
[2015.11.28-01.33.00:400][  0]LogOnline:Warning: No default platform service specified for OnlineSubsystem
[2015.11.28-01.33.00:415][  0]LogInit: Presizing for 0 objects not considered by GC, pre-allocating 0 bytes.
[2015.11.28-01.33.00:425][  0]LogInit: Object subsystem initialized
[2015.11.28-01.33.00:427][  0]LogConsoleResponse:Warning: Skipping Unknown console variable: 'TranslucentSortAxis = (X=0.000000,Y=-1.000000,Z=0.000000)'
[2015.11.28-01.33.00:427][  0]LogConsoleResponse:Warning:   Found in ini file 'C:/Users/jenn/Documents/Unreal Projects/Bedtime/Saved/Config/Windows/Engine.ini', in section '[/Script/Engine.RendererSettings]'
[2015.11.28-01.33.00:428][  0]LogConsoleResponse:Warning: Skipping Unknown console variable: 'UIScaleRule = ShortestSide'
[2015.11.28-01.33.00:428][  0]LogConsoleResponse:Warning:   Found in ini file 'C:/Users/jenn/Documents/Unreal Projects/Bedtime/Saved/Config/Windows/Engine.ini', in section '[/Script/Engine.RendererSettings]'
[2015.11.28-01.33.00:428][  0]LogConsoleResponse:Warning: Skipping Unknown console variable: 'UIScaleCurve = (EditorCurveData=(Keys=),ExternalCurve=None)'
[2015.11.28-01.33.00:428][  0]LogConsoleResponse:Warning:   Found in ini file 'C:/Users/jenn/Documents/Unreal Projects/Bedtime/Saved/Config/Windows/Engine.ini', in section '[/Script/Engine.RendererSettings]'
[2015.11.28-01.33.00:428][  0]LogInit: Selected Device Profile: [Windows]
[2015.11.28-01.33.00:428][  0]LogInit: Applying CVar settings loaded from the selected device profile: [Windows]
[2015.11.28-01.33.00:438][  0]LogInit: Computer: JENN-PC
[2015.11.28-01.33.00:438][  0]LogInit: User: jenn
[2015.11.28-01.33.00:438][  0]LogInit: CPU Page size=4096, Cores=2
[2015.11.28-01.33.00:438][  0]LogInit: High frequency timer resolution =3.215439 MHz
[2015.11.28-01.33.00:439][  0]LogMemory: Memory total: Physical=8.0GB (8GB approx) Virtual=8192.0GB
[2015.11.28-01.33.00:439][  0]LogMemory: Platform Memory Stats for Windows
[2015.11.28-01.33.00:439][  0]LogMemory: Process Physical Memory: 46.87 MB used, 46.87 MB peak
[2015.11.28-01.33.00:439][  0]LogMemory: Process Virtual Memory: 23.26 MB used, 24.11 MB peak
[2015.11.28-01.33.00:439][  0]LogMemory: Physical Memory: 4041.73 MB used, 8169.43 MB total
[2015.11.28-01.33.00:439][  0]LogMemory: Virtual Memory: 272.85 MB used, 8388608.00 MB total
[2015.11.28-01.33.00:490][  0]LogD3D11RHI: Found D3D11 adapter 0: NVIDIA GeForce GTX 780 Ti  (Feature Level 11_0)
[2015.11.28-01.33.00:490][  0]LogD3D11RHI: Adapter has 3013MB of dedicated video memory, 0MB of dedicated system memory, and 3828MB of shared system memory, 1 output[s]
[2015.11.28-01.33.00:490][  0]LogD3D11RHI: Chosen D3D11 Adapter Id = 0
[2015.11.28-01.33.00:497][  0]LogRHI: Texture pool is 1361 MB (70% of 1945 MB)
[2015.11.28-01.33.00:511][  0]LogD3D11RHI: Async texture creation enabled
[2015.11.28-01.33.00:584][  0]LogTextLocalizationManager: The requested culture ('en_US') has no localization data; parent culture's ('en') localization data will be used.
[2015.11.28-01.33.00:653][  0]LogTextLocalizationManager:Warning: Loading localization resources contain conflicting entries for (Namespace:UICommands, Key:Save_ToolTip):
Resource: (C:/Program Files/Epic Games/4.7/Engine/Content/Localization/Editor/en/Editor.locres) Hash: (-29098895) String: (Saves the current level to disk)
Resource: (C:/Program Files/Epic Games/4.7/Engine/Content/Localization/Engine/en/Engine.locres) Hash: (-1280300587) String: (Save selected data to vlog file)
[2015.11.28-01.33.00:653][  0]LogTextLocalizationManager:Warning: Loading localization resources contain conflicting entries for (Namespace:ContentBrowser, Key:ImportAssetToolTip):
Resource: (C:/Program Files/Epic Games/4.7/Engine/Content/Localization/Editor/en/Editor.locres) Hash: (-630476809) String: (Import to {0}...)
Resource: (C:/Program Files/Epic Games/4.7/Engine/Content/Localization/Editor/en/Editor.locres) Hash: (1271782899) String: (Imports an asset from file to this folder.)
[2015.11.28-01.33.00:759][  0]LogContentStreaming: Texture pool size is 0.000000MB
[2015.11.28-01.33.03:398][  0]LogTargetPlatformManager:Display: Building Assets For Windows
[2015.11.28-01.33.03:959][  0]LogTargetPlatformManager:Display: Building Assets For Windows
[2015.11.28-01.33.04:025][  0]LogDerivedDataCache:Display: Max Cache Size: 512 MB
[2015.11.28-01.33.04:068][  0]LogDerivedDataCache: Loaded boot cache 0.04s 39MB C:/Users/jenn/AppData/Local/UnrealEngine/4.7/DerivedDataCache/Boot.ddc.
[2015.11.28-01.33.04:068][  0]LogDerivedDataCache:Display: Loaded Boot cache: C:/Users/jenn/AppData/Local/UnrealEngine/4.7/DerivedDataCache/Boot.ddc
[2015.11.28-01.33.04:069][  0]LogDerivedDataCache: FDerivedDataBackendGraph:  Pak pak cache file ../../../../../../Users/jenn/Documents/Unreal Projects/Bedtime/DerivedDataCache/DDC.ddp not found, will not use a pak cache.
[2015.11.28-01.33.04:069][  0]LogDerivedDataCache: Unable to find inner node Pak for hierarchical cache Hierarchy.
[2015.11.28-01.33.04:205][  0]LogDerivedDataCache:Display: Pak cache opened for reading ../../../Engine/DerivedDataCache/Compressed.ddp.
[2015.11.28-01.33.04:217][  0]LogDerivedDataCache: Using Local data cache path C:/Users/jenn/AppData/Local/UnrealEngine/Common/DerivedDataCache: Writable
[2015.11.28-01.33.04:556][  0]LogMeshUtilities: No automatic mesh reduction module available
[2015.11.28-01.33.04:557][  0]LogMeshUtilities: No automatic mesh merging module available
[2015.11.28-01.33.04:903][  0]LogInit: WinSock: version 1.1 (2.2), MaxSocks=32767, MaxUdp=65467
[2015.11.28-01.33.04:985][  0]LogSlate:Warning: Failed to load font data from '../../../Engine/Content/Slate/Fonts/Roboto-Italic.ttf'
[2015.11.28-01.33.05:785][  0]UdpMessaging: Initializing bridge on interface 0.0.0.0:0 to multicast group 230.0.0.1:6666.
[2015.11.28-01.33.06:013][  0]SourceControl: Info Source control is disabled
[2015.11.28-01.33.06:013][  0]SourceControl: Info Source control is disabled
[2015.11.28-01.33.06:013][  0]SourceControl: Info Source control is disabled
[2015.11.28-01.33.06:013][  0]LogSourceControl: RunCommandInternalRaw: 'git version'
[2015.11.28-01.33.06:013][  0]LogSourceControl: RunCommandInternalRaw: ExecProcess ReturnCode=2 OutResults=''
[2015.11.28-01.33.06:022][  0]SourceControl: Info Source control is disabled
[2015.11.28-01.33.06:229][  0]LogObj: 24232 objects as part of root set at end of initial load.
[2015.11.28-01.33.06:229][  0]LogUObjectAllocator: 5137176 out of 0 bytes used by permanent object pool.
[2015.11.28-01.33.06:317][  0]LogEngine: Initializing Engine...
[2015.11.28-01.33.08:512][  0]LogInit: XAudio2 using 'Speakers (Realtek High Definition Audio)' : 2 channels at 48 kHz using 32 bits per sample (channel mask 0x3)
[2015.11.28-01.33.08:539][  0]LogInit: FAudioDevice initialized.
[2015.11.28-01.33.08:578][  0]LogAIModule: Creating AISystem for world NewWorld
[2015.11.28-01.33.08:599][  0]LogDerivedDataCache: Saved boot cache 0.02s 39MB C:/Users/jenn/AppData/Local/UnrealEngine/4.7/DerivedDataCache/Boot.ddc.
[2015.11.28-01.33.08:606][  0]LogInit: Texture streaming: Enabled
[2015.11.28-01.33.08:702][  0]LogAnalytics: Creating configured Analytics provider AnalyticsET
[2015.11.28-01.33.08:702][  0]LogAnalytics: ET APIKey = Rocket.Release. APIServer = http://et2.epicgames.com/ET2/. AppVersion = 4.7.6-2513093+++depot+UE4-Releases+4.7
[2015.11.28-01.33.08:702][  0]LogAnalytics: ET APIKey = Rocket.Release. DataRouterUploadURL = https://datarouter-public-service-gamedev.ol.epicgames.net/datarouter/api/v1/public/data. AppVersion = 4.7.6-2513093+++depot+UE4-Releases+4.7
[2015.11.28-01.33.08:702][  0]LogAnalytics: SetUserId 7ca20ff446e1fc0c103685b3ac8325e8|5f82de664dbc4b58876fbe9f0aeb44c5|06a8e16a-b7a1-4353-a9bc-504e559609db
[2015.11.28-01.33.08:702][  0]LogAnalytics: AnalyticsET::StartSession [Rocket.Release]
[2015.11.28-01.33.08:725][  0]LogInit: Transaction tracking system initialized
[2015.11.28-01.33.08:906][  0]BlueprintLog: New page: Editor Load
[2015.11.28-01.33.08:943][  0]LogAssetRegistry: FAssetRegistry took 0.0097 seconds to start up
[2015.11.28-01.33.08:943][  0]LogDirectoryWatcher:Warning: Failed to begin reading directory changes for ../../../Engine/Plugins/Experimental/CharacterAI/Content/. Error: 0
[2015.11.28-01.33.09:664][  0]LogTargetPlatformManager:Display: Building Assets For Windows
[2015.11.28-01.33.10:208][  0]LogTargetPlatformManager:Display: Building Assets For Windows
[2015.11.28-01.33.10:567][  0]LogSlate:Warning: Failed to load font data from '../../../Engine/Content/Editor/Slate/Fonts/Roboto-Regular.ttf'
[2015.11.28-01.33.10:567][  0]LogSlate:Warning: Failed to load font data from '../../../Engine/Content/Editor/Slate/Fonts/Roboto-Bold.ttf'
[2015.11.28-01.33.10:574][  0]LogConsoleResponse:Display: 
[2015.11.28-01.33.10:798][  0]LogCook:Display: Done creating registry. It took  0.00s.
[2015.11.28-01.33.10:994][  0]SourceControl: Info Source control is disabled
[2015.11.28-01.33.10:994][  0]Cmd: MAP LOAD FILE="../../../../../../Users/jenn/Documents/Unreal Projects/Bedtime/Content/ThirdPersonBP/Maps/ThirdPersonExampleMap.umap" TEMPLATE=0 SHOWPROGRESS=1 FEATURELEVEL=3
[2015.11.28-01.33.10:995][  0]LightingResults: New page: Lighting Build
[2015.11.28-01.33.11:012][  0]MapCheck: New page: Map Check
[2015.11.28-01.33.11:012][  0]LightingResults: New page: Lighting Build
[2015.11.28-01.33.11:031][  0]LogParticles: Destroying 0 GPU particle simulations for FXSystem 0x000000001535A520
[2015.11.28-01.33.11:042][  0]LogLinker:Warning: Asset '../../../Engine/Content/EngineMeshes/Humanoid.uasset' has been saved with empty engine version. The asset will be loaded but may be incompatible.
[2015.11.28-01.33.12:670][  0]LogEditorServer: Finished looking for orphan Actors (0.000 secs)
[2015.11.28-01.33.13:892][  0]LogAIModule: Creating AISystem for world ThirdPersonExampleMap
[2015.11.28-01.33.13:893][  0]Cmd: MAP CHECKDEP
[2015.11.28-01.33.13:893][  0]MapCheck: New page: ThirdPersonExampleMap - Nov 27, 2015, 9:33:13 AM
[2015.11.28-01.33.13:993][  0]MapCheck: Info Map check complete: 0 Error(s), 0 Warning(s), took 99.627ms to complete.
[2015.11.28-01.33.13:993][  0]LogFileHelpers: Loading map 'ThirdPersonExampleMap' took 2.999
[2015.11.28-01.33.14:127][  0]LogCollectionManager: Loaded 0 collections in 0.001750 seconds
[2015.11.28-01.33.14:146][  0]LogContentBrowser: Native class hierarchy populated in 0.0180 seconds. Added 1696 classes and 261 folders.
[2015.11.28-01.33.14:165][  0]LogContentBrowser:Verbose: The content browser source was changed by the sources view to '/Game'
[2015.11.28-01.33.14:188][  0]LogContentBrowser: Native class hierarchy updated for 'SceneOutliner' in 0.0029 seconds. Added 1 classes and 2 folders.
[2015.11.28-01.33.14:250][  0]LogCrashTracker: Crashtracker disabled due to settings.
[2015.11.28-01.33.14:251][  0]LogSlate:Warning: Failed to load font data from 'Veranda'
[2015.11.28-01.33.14:255][  0]LogUObjectGlobals:Warning: Failed to find object 'Class None.'
[2015.11.28-01.33.14:280][  0]LogLoad: Full Startup: 15.96 seconds (BP compile: 0.61 seconds)
[2015.11.28-01.33.14:870][  0]LogRenderer:Warning: Reallocating scene render targets to support 1616x576 (Frame:2).
[2015.11.28-01.33.17:269][  6]LogAssetRegistry: Asset discovery search completed in 8.3367 seconds
[2015.11.28-01.33.32:634][482]Cmd: MAP LOAD FILE="../../../../../../Users/jenn/Documents/Unreal Projects/Bedtime/Content/Main.umap" TEMPLATE=0 SHOWPROGRESS=1 FEATURELEVEL=3
[2015.11.28-01.33.32:634][482]LightingResults: New page: Lighting Build
[2015.11.28-01.33.32:662][482]LoadErrors: New page: Loading map: Main.umap
[2015.11.28-01.33.32:664][482]MapCheck: New page: Map Check
[2015.11.28-01.33.32:664][482]LightingResults: New page: Lighting Build
[2015.11.28-01.33.32:682][482]LogParticles: Destroying 0 GPU particle simulations for FXSystem 0x0000000011A0A0C0
[2015.11.28-01.33.32:778][482]LogEditorServer: Finished looking for orphan Actors (0.000 secs)
[2015.11.28-01.33.32:781][482]LogAIModule: Creating AISystem for world Main
[2015.11.28-01.33.32:822][482]Cmd: MAP CHECKDEP
[2015.11.28-01.33.32:822][482]MapCheck: New page: Main - Nov 27, 2015, 9:33:32 AM
[2015.11.28-01.33.32:910][482]MapCheck: Info Map check complete: 0 Error(s), 0 Warning(s), took 87.976ms to complete.
[2015.11.28-01.33.32:910][482]LogFileHelpers: Loading map 'Main' took 0.278
[2015.11.28-01.33.39:782][288]Cmd: CAMERA ALIGN ACTIVEVIEWPORTONLY
[2015.11.28-01.34.26:645][602]LogEditorViewport: Clicking on Actor (LMB): StaticMeshActor (Floor)
[2015.11.28-01.37.37:217][661]LogContentBrowser:Verbose: The content browser source was changed by the sources view to '/Game'
[2015.11.28-01.37.54:747][145]LogContentBrowser:Verbose: The content browser source was changed by the sources view to '/Game/ArtAssets'
[2015.11.28-01.37.58:202][506]LogContentBrowser:Verbose: The content browser source was changed by the sources view to '/Game/ArtAssets'
[2015.11.28-01.38.06:848][411]LogContentBrowser:Verbose: The content browser source was changed by the sources view to '/Game/ArtAssets'
[2015.11.28-01.38.18:037][610]LogContentBrowser:Verbose: The content browser source was changed by the sources view to '/Game/ArtAssets'
[2015.11.28-01.38.24:277][253]LogContentBrowser:Verbose: The content browser source was changed by the sources view to '/Game/ArtAssets'
[2015.11.28-01.38.30:716][921]LogContentBrowser:Verbose: The content browser source was changed by the sources view to '/Game/ArtAssets'
[2015.11.28-01.38.35:012][361]LogContentBrowser:Verbose: The content browser source was changed by the sources view to '/Game/ArtAssets'
[2015.11.28-01.38.38:739][747]LogContentBrowser:Verbose: The content browser source was changed by the sources view to '/Game'
[2015.11.28-01.38.43:370][197]LogContentBrowser:Verbose: The content browser source was changed by the sources view to '/Game'
[2015.11.28-01.39.12:566][977]LogMetaData: Removing '/Game/ArtAssets/BP_Sky_Sphere.BP_Sky_Sphere_C' ref from Metadata '/Game/BP_Sky_Sphere.PackageMetaData'
[2015.11.28-01.39.12:566][977]LogMetaData: Removing '/Game/ArtAssets/BP_Sky_Sphere.SKEL_BP_Sky_Sphere_C' ref from Metadata '/Game/BP_Sky_Sphere.PackageMetaData'
[2015.11.28-01.39.12:633][977]Cmd: OBJ SAVEPACKAGE PACKAGE="/Game/ArtAssets/BP_Sky_Sphere" FILE="../../../../../../Users/jenn/Documents/Unreal Projects/Bedtime/Content/ArtAssets/BP_Sky_Sphere.uasset" SILENT=true
[2015.11.28-01.39.13:096][977]LogSavePackage: Save=460.571320ms
[2015.11.28-01.39.13:096][977]LogSavePackage: Moving '../../../../../../Users/jenn/Documents/Unreal Projects/Bedtime/Saved/BP_Sky_SphereC57A0F734C119094E93747B8273DB2B2.tmp' to '../../../../../../Users/jenn/Documents/Unreal Projects/Bedtime/Content/ArtAssets/BP_Sky_Sphere.uasset'
[2015.11.28-01.39.15:584][180]Cmd: OBJ SAVEPACKAGE PACKAGE="/Game/ArtAssets/C_Sky_Cloud_Color" FILE="../../../../../../Users/jenn/Documents/Unreal Projects/Bedtime/Content/ArtAssets/C_Sky_Cloud_Color.uasset" SILENT=true
[2015.11.28-01.39.15:592][180]LogSavePackage: Save=4.278420ms
[2015.11.28-01.39.15:593][180]LogSavePackage: Moving '../../../../../../Users/jenn/Documents/Unreal Projects/Bedtime/Saved/C_Sky_Cloud_Color9B67A09B4685A28B7E0B9D88403014F9.tmp' to '../../../../../../Users/jenn/Documents/Unreal Projects/Bedtime/Content/ArtAssets/C_Sky_Cloud_Color.uasset'
[2015.11.28-01.39.17:967][378]Cmd: OBJ SAVEPACKAGE PACKAGE="/Game/ArtAssets/C_Sky_Horizon_Color" FILE="../../../../../../Users/jenn/Documents/Unreal Projects/Bedtime/Content/ArtAssets/C_Sky_Horizon_Color.uasset" SILENT=true
[2015.11.28-01.39.17:975][378]LogSavePackage: Save=4.172992ms
[2015.11.28-01.39.17:975][378]LogSavePackage: Moving '../../../../../../Users/jenn/Documents/Unreal Projects/Bedtime/Saved/C_Sky_Horizon_Color0D8C888F443D927F13CB3CB08298C2AE.tmp' to '../../../../../../Users/jenn/Documents/Unreal Projects/Bedtime/Content/ArtAssets/C_Sky_Horizon_Color.uasset'
[2015.11.28-01.39.20:084][553]Cmd: OBJ SAVEPACKAGE PACKAGE="/Game/ArtAssets/C_Sky_Zenith_Color" FILE="../../../../../../Users/jenn/Documents/Unreal Projects/Bedtime/Content/ArtAssets/C_Sky_Zenith_Color.uasset" SILENT=true
[2015.11.28-01.39.20:114][553]LogSavePackage: Save=26.283813ms
[2015.11.28-01.39.20:114][553]LogSavePackage: Moving '../../../../../../Users/jenn/Documents/Unreal Projects/Bedtime/Saved/C_Sky_Zenith_ColorD9053BD143E30E18732141933A5B5ED2.tmp' to '../../../../../../Users/jenn/Documents/Unreal Projects/Bedtime/Content/ArtAssets/C_Sky_Zenith_Color.uasset'
[2015.11.28-01.39.22:635][760]Cmd: OBJ SAVEPACKAGE PACKAGE="/Game/ArtAssets/M_Sky_Panning_Clouds2" FILE="../../../../../../Users/jenn/Documents/Unreal Projects/Bedtime/Content/ArtAssets/M_Sky_Panning_Clouds2.uasset" SILENT=true
[2015.11.28-01.39.22:983][760]LogSavePackage: Save=345.220978ms
[2015.11.28-01.39.22:983][760]LogSavePackage: Moving '../../../../../../Users/jenn/Documents/Unreal Projects/Bedtime/Saved/M_Sky_Panning_Clouds2E2B05B09444C50A1CEE187940C362D8F.tmp' to '../../../../../../Users/jenn/Documents/Unreal Projects/Bedtime/Content/ArtAssets/M_Sky_Panning_Clouds2.uasset'
[2015.11.28-01.39.25:786][967]LogSavePackage: Save=331.923248ms
[2015.11.28-01.39.25:786][967]LogSavePackage: Moving '../../../../../../Users/jenn/Documents/Unreal Projects/Bedtime/Saved/M_Sky_Panning_Clouds2_Inst520500C44067FB21D5B0BA8C2F09FDD6.tmp' to '../../../../../../Users/jenn/Documents/Unreal Projects/Bedtime/Content/ArtAssets/M_Sky_Panning_Clouds2_Inst.uasset'
[2015.11.28-01.39.28:114][161]Cmd: OBJ SAVEPACKAGE PACKAGE="/Game/ArtAssets/SM_SkySphere" FILE="../../../../../../Users/jenn/Documents/Unreal Projects/Bedtime/Content/ArtAssets/SM_SkySphere.uasset" SILENT=true
[2015.11.28-01.39.28:319][161]LogSavePackage: Save=203.097610ms
[2015.11.28-01.39.28:319][161]LogSavePackage: Moving '../../../../../../Users/jenn/Documents/Unreal Projects/Bedtime/Saved/SM_SkySphereE5B5BF5D4F6803530906C5850830F283.tmp' to '../../../../../../Users/jenn/Documents/Unreal Projects/Bedtime/Content/ArtAssets/SM_SkySphere.uasset'
[2015.11.28-01.39.30:698][366]Cmd: OBJ SAVEPACKAGE PACKAGE="/Game/ArtAssets/T_Sky_Blue" FILE="../../../../../../Users/jenn/Documents/Unreal Projects/Bedtime/Content/ArtAssets/T_Sky_Blue.uasset" SILENT=true
[2015.11.28-01.39.31:386][366]LogSavePackage: Save=686.084229ms
[2015.11.28-01.39.31:386][366]LogSavePackage: Moving '../../../../../../Users/jenn/Documents/Unreal Projects/Bedtime/Saved/T_Sky_Blue3D50DB6D4F403D8E14998B9B51EAB5B7.tmp' to '../../../../../../Users/jenn/Documents/Unreal Projects/Bedtime/Content/ArtAssets/T_Sky_Blue.uasset'
[2015.11.28-01.39.34:140][602]Cmd: OBJ SAVEPACKAGE PACKAGE="/Game/ArtAssets/T_Sky_Clouds_M" FILE="../../../../../../Users/jenn/Documents/Unreal Projects/Bedtime/Content/ArtAssets/T_Sky_Clouds_M.uasset" SILENT=true
[2015.11.28-01.39.34:333][602]LogSavePackage: Save=190.663239ms
[2015.11.28-01.39.34:334][602]LogSavePackage: Moving '../../../../../../Users/jenn/Documents/Unreal Projects/Bedtime/Saved/T_Sky_Clouds_M9F7482C94F646D6E4E2A07A74022F702.tmp' to '../../../../../../Users/jenn/Documents/Unreal Projects/Bedtime/Content/ArtAssets/T_Sky_Clouds_M.uasset'
[2015.11.28-01.39.36:893][820]Cmd: OBJ SAVEPACKAGE PACKAGE="/Game/ArtAssets/T_Sky_Stars" FILE="../../../../../../Users/jenn/Documents/Unreal Projects/Bedtime/Content/ArtAssets/T_Sky_Stars.uasset" SILENT=true
[2015.11.28-01.39.37:012][820]LogSavePackage: Save=116.311020ms
[2015.11.28-01.39.37:012][820]LogSavePackage: Moving '../../../../../../Users/jenn/Documents/Unreal Projects/Bedtime/Saved/T_Sky_Stars3BF74E0E42AF6DECD2E3868E3CDF0DA9.tmp' to '../../../../../../Users/jenn/Documents/Unreal Projects/Bedtime/Content/ArtAssets/T_Sky_Stars.uasset'
[2015.11.28-01.39.41:420][257]LogContentBrowser:Verbose: The content browser source was changed by the sources view to '/Game/ArtAssets'
[2015.11.28-01.39.44:807][560]LogMetaData: Removing '/Game/ArtAssets/SkySpheres/BP_Sky_Sphere.BP_Sky_Sphere_C' ref from Metadata '/Game/ArtAssets/BP_Sky_Sphere.PackageMetaData'
[2015.11.28-01.39.44:807][560]LogMetaData: Removing '/Game/ArtAssets/SkySpheres/BP_Sky_Sphere.SKEL_BP_Sky_Sphere_C' ref from Metadata '/Game/ArtAssets/BP_Sky_Sphere.PackageMetaData'
[2015.11.28-01.39.44:865][560]Cmd: OBJ SAVEPACKAGE PACKAGE="/Game/ArtAssets/SkySpheres/BP_Sky_Sphere" FILE="../../../../../../Users/jenn/Documents/Unreal Projects/Bedtime/Content/ArtAssets/SkySpheres/BP_Sky_Sphere.uasset" SILENT=true
[2015.11.28-01.39.45:338][560]LogSavePackage: Save=470.187134ms
[2015.11.28-01.39.45:338][560]LogSavePackage: Moving '../../../../../../Users/jenn/Documents/Unreal Projects/Bedtime/Saved/BP_Sky_SphereFD0C48294CBF6BF0127F3B86B03DACB6.tmp' to '../../../../../../Users/jenn/Documents/Unreal Projects/Bedtime/Content/ArtAssets/SkySpheres/BP_Sky_Sphere.uasset'
[2015.11.28-01.39.47:624][756]LogSavePackage: Save=3.979861ms
[2015.11.28-01.39.47:624][756]LogSavePackage: Moving '../../../../../../Users/jenn/Documents/Unreal Projects/Bedtime/Saved/C_Sky_Cloud_ColorA688F854423759B7E5AE9B9F76B21A55.tmp' to '../../../../../../Users/jenn/Documents/Unreal Projects/Bedtime/Content/ArtAssets/SkySpheres/C_Sky_Cloud_Color.uasset'
[2015.11.28-01.39.49:824][934]LogSavePackage: Save=4.472484ms
[2015.11.28-01.39.49:824][934]LogSavePackage: Moving '../../../../../../Users/jenn/Documents/Unreal Projects/Bedtime/Saved/C_Sky_Horizon_Color0F17B22942ED8234E9EC8A96B9A3F85B.tmp' to '../../../../../../Users/jenn/Documents/Unreal Projects/Bedtime/Content/ArtAssets/SkySpheres/C_Sky_Horizon_Color.uasset'
[2015.11.28-01.39.51:891][102]LogSavePackage: Save=4.298013ms
[2015.11.28-01.39.51:891][102]LogSavePackage: Moving '../../../../../../Users/jenn/Documents/Unreal Projects/Bedtime/Saved/C_Sky_Zenith_ColorBAD841D84920A3DDCE2C6C8FABEB5320.tmp' to '../../../../../../Users/jenn/Documents/Unreal Projects/Bedtime/Content/ArtAssets/SkySpheres/C_Sky_Zenith_Color.uasset'
[2015.11.28-01.39.54:489][283]LogSavePackage: Save=349.009583ms
[2015.11.28-01.39.54:489][283]LogSavePackage: Moving '../../../../../../Users/jenn/Documents/Unreal Projects/Bedtime/Saved/M_Sky_Panning_Clouds203C7128F480B56AD847D0FB072457EDD.tmp' to '../../../../../../Users/jenn/Documents/Unreal Projects/Bedtime/Content/ArtAssets/SkySpheres/M_Sky_Panning_Clouds2.uasset'
[2015.11.28-01.39.57:176][477]LogSavePackage: Save=334.049255ms
[2015.11.28-01.39.57:176][477]LogSavePackage: Moving '../../../../../../Users/jenn/Documents/Unreal Projects/Bedtime/Saved/M_Sky_Panning_Clouds2_InstE551DB354A581DEEA17547B4E825DFEF.tmp' to '../../../../../../Users/jenn/Documents/Unreal Projects/Bedtime/Content/ArtAssets/SkySpheres/M_Sky_Panning_Clouds2_Inst.uasset'
[2015.11.28-01.39.59:281][650]Cmd: OBJ SAVEPACKAGE PACKAGE="/Game/ArtAssets/SkySpheres/SM_SkySphere" FILE="../../../../../../Users/jenn/Documents/Unreal Projects/Bedtime/Content/ArtAssets/SkySpheres/SM_SkySphere.uasset" SILENT=true
[2015.11.28-01.39.59:491][650]LogSavePackage: Save=207.352097ms
[2015.11.28-01.39.59:491][650]LogSavePackage: Moving '../../../../../../Users/jenn/Documents/Unreal Projects/Bedtime/Saved/SM_SkySphere8DC89FFF4E7716FE2A9C8CBF144F6756.tmp' to '../../../../../../Users/jenn/Documents/Unreal Projects/Bedtime/Content/ArtAssets/SkySpheres/SM_SkySphere.uasset'
[2015.11.28-01.40.01:477][814]Cmd: OBJ SAVEPACKAGE PACKAGE="/Game/ArtAssets/SkySpheres/T_Sky_Blue" FILE="../../../../../../Users/jenn/Documents/Unreal Projects/Bedtime/Content/ArtAssets/SkySpheres/T_Sky_Blue.uasset" SILENT=true
[2015.11.28-01.40.02:135][814]LogSavePackage: Save=656.249146ms
[2015.11.28-01.40.02:135][814]LogSavePackage: Moving '../../../../../../Users/jenn/Documents/Unreal Projects/Bedtime/Saved/T_Sky_BlueC67188EC4543249EE803B9A0840C538E.tmp' to '../../../../../../Users/jenn/Documents/Unreal Projects/Bedtime/Content/ArtAssets/SkySpheres/T_Sky_Blue.uasset'
[2015.11.28-01.40.04:287][979]LogSavePackage: Save=117.726379ms
[2015.11.28-01.40.04:287][979]LogSavePackage: Moving '../../../../../../Users/jenn/Documents/Unreal Projects/Bedtime/Saved/T_Sky_Clouds_MB0A49B424D12E41DFFDE1BBB86A5CAA6.tmp' to '../../../../../../Users/jenn/Documents/Unreal Projects/Bedtime/Content/ArtAssets/SkySpheres/T_Sky_Clouds_M.uasset'
[2015.11.28-01.40.06:478][168]Cmd: OBJ SAVEPACKAGE PACKAGE="/Game/ArtAssets/SkySpheres/T_Sky_Stars" FILE="../../../../../../Users/jenn/Documents/Unreal Projects/Bedtime/Content/ArtAssets/SkySpheres/T_Sky_Stars.uasset" SILENT=true
[2015.11.28-01.40.06:529][168]LogSavePackage: Save=48.778721ms
[2015.11.28-01.40.06:529][168]LogSavePackage: Moving '../../../../../../Users/jenn/Documents/Unreal Projects/Bedtime/Saved/T_Sky_StarsA7B0E40E49541E7B3140F6BDCE9BA80F.tmp' to '../../../../../../Users/jenn/Documents/Unreal Projects/Bedtime/Content/ArtAssets/SkySpheres/T_Sky_Stars.uasset'
[2015.11.28-01.40.08:556][359]LogContentBrowser:Verbose: The content browser source was changed by the sources view to '/Game/ArtAssets/SkySpheres'
[2015.11.28-01.40.10:937][576]LogContentBrowser:Verbose: The content browser source was changed by the sources view to 'None'
[2015.11.28-01.40.12:534][675]LogContentBrowser:Verbose: The content browser source was changed by the sources view to '/Game'
[2015.11.28-01.40.16:761][112]LogEditorActor: Deleted Actor: DayNightCycle_C
[2015.11.28-01.40.16:799][112]LogEditorActor: Deleted 1 Actors (0.068 secs)
[2015.11.28-01.40.54:389][566]LogContentBrowser:Verbose: The content browser source was changed by the sources view to '/Game/ArtAssets'
[2015.11.28-01.40.55:672][719]LogContentBrowser:Verbose: The content browser source was changed by the sources view to '/Game/ArtAssets/SkySpheres'
[2015.11.28-01.43.33:030][529]Cmd: OBJ SAVEPACKAGE PACKAGE="/Game/Main" FILE="../../../../../../Users/jenn/Documents/Unreal Projects/Bedtime/Saved/Autosaves/Game/Main_Auto1.umap" SILENT=true AUTOSAVING=true KEEPDIRTY=false
[2015.11.28-01.43.33:077][529]LogSavePackage: Save=36.753925ms
[2015.11.28-01.43.33:077][529]LogSavePackage: Moving '../../../../../../Users/jenn/Documents/Unreal Projects/Bedtime/Saved/Main_Auto12A4DC47C425FD4A37E160E83C0EAD05B.tmp' to '../../../../../../Users/jenn/Documents/Unreal Projects/Bedtime/Saved/Autosaves/Game/Main_Auto1.umap'
[2015.11.28-01.43.33:086][529]LogFileHelpers: Editor autosave (incl. sublevels) for '/Game/Main' took 0.160
[2015.11.28-01.43.33:086][529]LogFileHelpers: Editor autosave (incl. sublevels) for all levels took 0.160
[2015.11.28-01.43.33:122][529]OBJ SavePackage: Generating thumbnails for [1] asset(s) in package [/Game/ArtAssets/SkySpheres/BP_Sky_Sphere] ([1] browsable assets)...
[2015.11.28-01.43.33:160][529]OBJ SavePackage:     Rendered thumbnail for [Blueprint /Game/ArtAssets/SkySpheres/BP_Sky_Sphere.BP_Sky_Sphere]
[2015.11.28-01.43.33:160][529]OBJ SavePackage: Finished generating thumbnails for package [/Game/ArtAssets/SkySpheres/BP_Sky_Sphere]
[2015.11.28-01.43.33:862][529]LogSavePackage: Save=693.653015ms
[2015.11.28-01.43.33:863][529]LogSavePackage: Moving '../../../../../../Users/jenn/Documents/Unreal Projects/Bedtime/Saved/BP_Sky_Sphere_Auto14F4901E946EE61E88CAC15BDA2E58676.tmp' to '../../../../../../Users/jenn/Documents/Unreal Projects/Bedtime/Saved/Autosaves/Game/ArtAssets/SkySpheres/BP_Sky_Sphere_Auto1.uasset'
[2015.11.28-01.43.33:876][529]LogFileHelpers: Auto-saving content packages took 0.790
[2015.11.28-01.47.44:481][618]BlueprintLog: New page: Compile BP_Sky_Sphere
[2015.11.28-01.47.44:629][618]BlueprintEditorCompileResults: Info [0886.28] Compile of BP_Sky_Sphere successful! [in 148 ms]
[2015.11.28-01.47.46:214][761]Cmd: OBJ SAVEPACKAGE PACKAGE="/Game/ArtAssets/SkySpheres/BP_Sky_Sphere" FILE="../../../../../../Users/jenn/Documents/Unreal Projects/Bedtime/Content/ArtAssets/SkySpheres/BP_Sky_Sphere.uasset" SILENT=true
[2015.11.28-01.47.46:738][761]LogSavePackage: Save=517.425781ms
[2015.11.28-01.47.46:739][761]LogSavePackage: Moving '../../../../../../Users/jenn/Documents/Unreal Projects/Bedtime/Saved/BP_Sky_SphereFEABF2FE4D2067B045975EA3FB23E2EA.tmp' to '../../../../../../Users/jenn/Documents/Unreal Projects/Bedtime/Content/ArtAssets/SkySpheres/BP_Sky_Sphere.uasset'
[2015.11.28-01.48.10:459][403]LogMaterial: Missing cached shader map for material M_Sky_Panning_Clouds2, compiling. 
[2015.11.28-01.48.10:542][403]LogActorComponent: UnregisterComponent: (/Engine/Transient.SkeletalMeshComponent_0) Not registered. Aborting.
[2015.11.28-01.48.10:677][403]LogActorComponent: UnregisterComponent: (/Engine/Transient.SkeletalMeshComponent_0) Not registered. Aborting.
[2015.11.28-01.48.10:686][403]LogActorComponent: RegisterComponentWithWorld: (/Engine/Transient.MaterialEditorMeshComponent_0) Already registered. Aborting.
[2015.11.28-01.48.10:717][403]LogMaterial: Missing cached shader map for material M_Sky_Panning_Clouds2, compiling. 
[2015.11.28-01.48.10:720][403]LogMaterial: 0.000022 seconds spent updating 1 materials, 1 interfaces, 0 instances, 0 with static permutations.
[2015.11.28-01.48.10:748][403]LogMaterial: Missing cached shader map for material FMatExpressionPreview MaterialExpressionVectorParameter_12, compiling. 
[2015.11.28-01.48.10:750][403]LogMaterial: Missing cached shader map for material FMatExpressionPreview MaterialExpressionVectorParameter_13, compiling. 
[2015.11.28-01.48.10:753][403]LogMaterial: Missing cached shader map for material FMatExpressionPreview MaterialExpressionVectorParameter_14, compiling. 
[2015.11.28-01.48.10:755][403]LogMaterial: Missing cached shader map for material FMatExpressionPreview MaterialExpressionVectorParameter_15, compiling. 
[2015.11.28-01.48.10:757][403]LogMaterial: Missing cached shader map for material FMatExpressionPreview MaterialExpressionConstant3Vector_3, compiling. 
[2015.11.28-01.48.10:776][403]LogMaterial: Missing cached shader map for material FMatExpressionPreview MaterialExpressionVectorParameter_16, compiling. 
[2015.11.28-01.48.10:780][403]LogMaterial: Missing cached shader map for material FMatExpressionPreview MaterialExpressionVectorParameter_17, compiling. 
[2015.11.28-01.48.10:783][403]LogMaterial: Missing cached shader map for material FMatExpressionPreview MaterialExpressionTextureSample_7, compiling. 
[2015.11.28-01.48.10:816][403]LogMaterial: Missing cached shader map for material FMatExpressionPreview MaterialExpressionTextureSample_5, compiling. 
[2015.11.28-01.48.10:819][403]LogMaterial: Missing cached shader map for material FMatExpressionPreview MaterialExpressionTextureSample_8, compiling. 
[2015.11.28-01.48.10:822][403]LogMaterial: Missing cached shader map for material FMatExpressionPreview MaterialExpressionTextureSample_0, compiling. 
[2015.11.28-01.48.11:898][444]MaterialEditorStats: Info Base pass shader without light map: 74 instructions
[2015.11.28-01.48.11:898][444]MaterialEditorStats: Info Vertex shader: 32 instructions
[2015.11.28-01.48.11:898][444]MaterialEditorStats: Info Texture samplers: 3/16
[2015.11.28-01.48.37:662][ 59]LogMaterial: Missing cached shader map for material M_Sky_Panning_Clouds2, compiling. 
[2015.11.28-01.48.37:665][ 59]LogMaterial: 0.000137 seconds spent updating 1 materials, 1 interfaces, 0 instances, 0 with static permutations.
[2015.11.28-01.48.37:690][ 59]LogMaterial: Missing cached shader map for material FMatExpressionPreview MaterialExpressionTextureSample_7, compiling. 
[2015.11.28-01.48.39:013][143]MaterialEditorStats: Info Base pass shader without light map: 74 instructions
[2015.11.28-01.48.39:013][143]MaterialEditorStats: Info Vertex shader: 32 instructions
[2015.11.28-01.48.39:013][143]MaterialEditorStats: Info Texture samplers: 4/16
[2015.11.28-01.48.50:166][129]LogMaterial: Missing cached shader map for material M_Sky_Panning_Clouds2, compiling. 
[2015.11.28-01.48.50:168][129]LogMaterial: 0.000134 seconds spent updating 1 materials, 1 interfaces, 0 instances, 0 with static permutations.
[2015.11.28-01.48.50:228][129]LogMaterial: Missing cached shader map for material FMatExpressionPreview MaterialExpressionTextureSample_8, compiling. 
[2015.11.28-01.48.50:529][145]MaterialEditorStats: Info Base pass shader without light map: 74 instructions
[2015.11.28-01.48.50:529][145]MaterialEditorStats: Info Vertex shader: 32 instructions
[2015.11.28-01.48.50:529][145]MaterialEditorStats: Info Texture samplers: 3/16
[2015.11.28-01.49.02:744][205]LogMaterial: Missing cached shader map for material M_Sky_Panning_Clouds2, compiling. 
[2015.11.28-01.49.02:747][205]LogMaterial: 0.000052 seconds spent updating 1 materials, 1 interfaces, 0 instances, 0 with static permutations.
[2015.11.28-01.49.02:792][205]LogMaterial: Missing cached shader map for material FMatExpressionPreview MaterialExpressionTextureSample_0, compiling. 
[2015.11.28-01.49.03:078][220]MaterialEditorStats: Info Base pass shader without light map: 74 instructions
[2015.11.28-01.49.03:078][220]MaterialEditorStats: Info Vertex shader: 32 instructions
[2015.11.28-01.49.03:078][220]MaterialEditorStats: Info Texture samplers: 3/16
[2015.11.28-01.49.59:185][247]LogMaterial: Missing cached shader map for material M_Sky_Panning_Clouds2, compiling. 
[2015.11.28-01.49.59:188][247]LogMaterial: 0.000063 seconds spent updating 1 materials, 1 interfaces, 0 instances, 0 with static permutations.
[2015.11.28-01.49.59:224][247]LogMaterial: Missing cached shader map for material FMatExpressionPreview MaterialExpressionTextureSample_5, compiling. 
[2015.11.28-01.50.00:405][315]MaterialEditorStats: Info Base pass shader without light map: 74 instructions
[2015.11.28-01.50.00:405][315]MaterialEditorStats: Info Vertex shader: 32 instructions
[2015.11.28-01.50.00:405][315]MaterialEditorStats: Info Texture samplers: 3/16
[2015.11.28-01.50.18:459][686]LogMaterialEditor: Applying material M_Sky_Panning_Clouds2
[2015.11.28-01.50.20:088][686]LogMaterial: Missing cached shader map for material M_Sky_Panning_Clouds2, compiling. 
[2015.11.28-01.50.20:094][686]LogMaterial: 0.000057 seconds spent updating 1 materials, 1 interfaces, 0 instances, 0 with static permutations.
[2015.11.28-01.50.20:227][686]LogMaterial: Missing cached shader map for material M_Sky_Panning_Clouds2, compiling. 
[2015.11.28-01.50.20:232][686]LogMaterial: Missing cached shader map for material M_Sky_Panning_Clouds2, compiling. 
[2015.11.28-01.50.20:237][686]LogMaterial: 0.001116 seconds spent updating 1 materials, 1 interfaces, 3 instances, 0 with static permutations.
[2015.11.28-01.50.20:927][726]MaterialEditorStats: Info Base pass shader without light map: 98 instructions
[2015.11.28-01.50.20:927][726]MaterialEditorStats: Info Vertex shader: 32 instructions
[2015.11.28-01.50.20:927][726]MaterialEditorStats: Info Texture samplers: 3/16
[2015.11.28-01.50.22:688][850]LogMaterialEditor: Saving and Compiling material M_Sky_Panning_Clouds2
[2015.11.28-01.50.24:355][850]LogMaterial: Missing cached shader map for material M_Sky_Panning_Clouds2, compiling. 
[2015.11.28-01.50.24:361][850]LogMaterial: 0.000041 seconds spent updating 1 materials, 1 interfaces, 0 instances, 0 with static permutations.
[2015.11.28-01.50.24:406][850]LogMaterial: Missing cached shader map for material M_Sky_Panning_Clouds2, compiling. 
[2015.11.28-01.50.24:411][850]LogMaterial: Missing cached shader map for material M_Sky_Panning_Clouds2, compiling. 
[2015.11.28-01.50.24:416][850]LogMaterial: 0.000978 seconds spent updating 1 materials, 1 interfaces, 3 instances, 0 with static permutations.
[2015.11.28-01.50.25:330][850]LogSavePackage: Save=351.250641ms
[2015.11.28-01.50.25:330][850]LogSavePackage: Moving '../../../../../../Users/jenn/Documents/Unreal Projects/Bedtime/Saved/M_Sky_Panning_Clouds2E615BD82461A7F61578BDFABA35296A8.tmp' to '../../../../../../Users/jenn/Documents/Unreal Projects/Bedtime/Content/ArtAssets/SkySpheres/M_Sky_Panning_Clouds2.uasset'
[2015.11.28-01.50.28:887][186]Cmd: OBJ SAVEPACKAGE PACKAGE="/Game/Main" FILE="../../../../../../Users/jenn/Documents/Unreal Projects/Bedtime/Content/Main.umap" SILENT=true AUTOSAVING=false KEEPDIRTY=false
[2015.11.28-01.50.28:925][186]LogParticles: Destroying 0 GPU particle simulations for FXSystem 0x0000000038DC6660
[2015.11.28-01.50.28:965][186]LogSavePackage: Save=30.245014ms
[2015.11.28-01.50.28:965][186]LogSavePackage: Moving '../../../../../../Users/jenn/Documents/Unreal Projects/Bedtime/Saved/Main958AAB4A49E5458AD0C5DA9DDD7A1D45.tmp' to '../../../../../../Users/jenn/Documents/Unreal Projects/Bedtime/Content/Main.umap'
[2015.11.28-01.59.54:712][803]BlueprintLog: New page: Compile BP_Sky_Sphere
[2015.11.28-01.59.54:876][803]LogParticles: Destroying 0 GPU particle simulations for FXSystem 0x000000000F6E2980
[2015.11.28-01.59.54:891][803]BlueprintEditorCompileResults: Info [1616.52] Compile of BP_Sky_Sphere successful! [in 178 ms]
[2015.11.28-01.59.56:008][878]Cmd: OBJ SAVEPACKAGE PACKAGE="/Game/ArtAssets/SkySpheres/BP_Sky_Sphere" FILE="../../../../../../Users/jenn/Documents/Unreal Projects/Bedtime/Content/ArtAssets/SkySpheres/BP_Sky_Sphere.uasset" SILENT=true
[2015.11.28-01.59.56:595][878]LogSavePackage: Save=574.760681ms
[2015.11.28-01.59.56:595][878]LogSavePackage: Moving '../../../../../../Users/jenn/Documents/Unreal Projects/Bedtime/Saved/BP_Sky_SphereB605C3AA4495696702AF4B835E0BF8CD.tmp' to '../../../../../../Users/jenn/Documents/Unreal Projects/Bedtime/Content/ArtAssets/SkySpheres/BP_Sky_Sphere.uasset'
[2015.11.28-02.05.58:529][117]Cmd: OBJ SAVEPACKAGE PACKAGE="/Game/Main" FILE="../../../../../../Users/jenn/Documents/Unreal Projects/Bedtime/Content/Main.umap" SILENT=true AUTOSAVING=false KEEPDIRTY=false
[2015.11.28-02.05.58:613][117]LogSavePackage: Save=34.026768ms
[2015.11.28-02.05.58:613][117]LogSavePackage: Moving '../../../../../../Users/jenn/Documents/Unreal Projects/Bedtime/Saved/Main7343EDC54B11EC9E62767B9732B8D23D.tmp' to '../../../../../../Users/jenn/Documents/Unreal Projects/Bedtime/Content/Main.umap'
[2015.11.28-02.06.00:399][249]Cmd: QUIT_EDITOR
[2015.11.28-02.06.00:655][249]LogExit: Preparing to exit.
[2015.11.28-02.06.01:177][249]LogExit: Editor shut down
[2015.11.28-02.06.01:177][249]LogExit: Transaction tracking system shut down
[2015.11.28-02.06.01:179][249]LogParticles: Destroying 0 GPU particle simulations for FXSystem 0x000000000BDC1580
[2015.11.28-02.06.01:179][249]LogParticles: Destroying 0 GPU particle simulations for FXSystem 0x000000000BDC1B20
[2015.11.28-02.06.01:179][249]LogParticles: Destroying 0 GPU particle simulations for FXSystem 0x0000000018AC7740
[2015.11.28-02.06.01:180][249]LogParticles: Destroying 0 GPU particle simulations for FXSystem 0x000000004D46E480
[2015.11.28-02.06.01:180][249]LogParticles: Destroying 0 GPU particle simulations for FXSystem 0x0000000049945D00
[2015.11.28-02.06.01:181][249]LogParticles: Destroying 0 GPU particle simulations for FXSystem 0x000000000D3A5B20
[2015.11.28-02.06.01:273][249]LogExit: Object subsystem successfully closed.
[2015.11.28-02.06.01:319][249]LogModuleManager: Shutting down and abandoning module MaterialEditor (178)
[2015.11.28-02.06.01:319][249]LogModuleManager: Shutting down and abandoning module CrashTracker (177)
[2015.11.28-02.06.01:319][249]LogModuleManager: Shutting down and abandoning module SuperSearch (176)
[2015.11.28-02.06.01:319][249]LogModuleManager: Shutting down and abandoning module SceneOutliner (175)
[2015.11.28-02.06.01:319][249]LogModuleManager: Shutting down and abandoning module EditorWidgets (174)
[2015.11.28-02.06.01:319][249]LogModuleManager: Shutting down and abandoning module CollectionManager (173)
[2015.11.28-02.06.01:319][249]LogModuleManager: Shutting down and abandoning module StatsViewer (172)
[2015.11.28-02.06.01:319][249]LogModuleManager: Shutting down and abandoning module FoliageEdit (171)
[2015.11.28-02.06.01:319][249]LogModuleManager: Shutting down and abandoning module LandscapeEditor (170)
[2015.11.28-02.06.01:319][249]LogModuleManager: Shutting down and abandoning module MeshPaint (169)
[2015.11.28-02.06.01:319][249]LogModuleManager: Shutting down and abandoning module ActorPickerMode (168)
[2015.11.28-02.06.01:319][249]LogModuleManager: Shutting down and abandoning module GeometryMode (167)
[2015.11.28-02.06.01:319][249]LogModuleManager: Shutting down and abandoning module TextureAlignMode (166)
[2015.11.28-02.06.01:319][249]LogModuleManager: Shutting down and abandoning module BspMode (165)
[2015.11.28-02.06.01:319][249]LogModuleManager: Shutting down and abandoning module PlacementMode (164)
[2015.11.28-02.06.01:319][249]LogModuleManager: Shutting down and abandoning module AutomationWorker (163)
[2015.11.28-02.06.01:319][249]LogModuleManager: Shutting down and abandoning module CharacterAI (162)
[2015.11.28-02.06.01:319][249]LogModuleManager: Shutting down and abandoning module SmartSnapping (161)
[2015.11.28-02.06.01:319][249]LogModuleManager: Shutting down and abandoning module ViewportSnapping (160)
[2015.11.28-02.06.01:319][249]LogModuleManager: Shutting down and abandoning module LogVisualizer (159)
[2015.11.28-02.06.01:319][249]LogModuleManager: Shutting down and abandoning module GameProjectGeneration (158)
[2015.11.28-02.06.01:319][249]LogModuleManager: Shutting down and abandoning module IntroTutorials (157)
[2015.11.28-02.06.01:320][249]LogModuleManager: Shutting down and abandoning module EditorLiveStreaming (156)
[2015.11.28-02.06.01:320][249]LogModuleManager: Shutting down and abandoning module HardwareTargeting (155)
[2015.11.28-02.06.01:320][249]LogModuleManager: Shutting down and abandoning module DeviceProfileEditor (154)
[2015.11.28-02.06.01:320][249]LogModuleManager: Shutting down and abandoning module UndoHistory (153)
[2015.11.28-02.06.01:320][249]LogModuleManager: Shutting down and abandoning module GameplayTagsEditor (152)
[2015.11.28-02.06.01:320][249]LogModuleManager: Shutting down and abandoning module UserFeedback (151)
[2015.11.28-02.06.01:320][249]LogModuleManager: Shutting down and abandoning module XmlParser (150)
[2015.11.28-02.06.01:320][249]LogModuleManager: Shutting down and abandoning module Blutility (149)
[2015.11.28-02.06.01:320][249]LogModuleManager: Shutting down and abandoning module IOSPlatformEditor (148)
[2015.11.28-02.06.01:320][249]LogModuleManager: Shutting down and abandoning module IOSRuntimeSettings (147)
[2015.11.28-02.06.01:320][249]LogModuleManager: Shutting down and abandoning module AndroidDeviceDetection (146)
[2015.11.28-02.06.01:501][249]LogModuleManager: Shutting down and abandoning module AndroidPlatformEditor (145)
[2015.11.28-02.06.01:501][249]LogModuleManager: Shutting down and abandoning module AndroidRuntimeSettings (144)
[2015.11.28-02.06.01:501][249]LogModuleManager: Shutting down and abandoning module ProjectTargetPlatformEditor (143)
[2015.11.28-02.06.01:501][249]LogModuleManager: Shutting down and abandoning module ProjectSettingsViewer (142)
[2015.11.28-02.06.01:501][249]LogModuleManager: Shutting down and abandoning module InputBindingEditor (141)
[2015.11.28-02.06.01:501][249]LogModuleManager: Shutting down and abandoning module EditorSettingsViewer (140)
[2015.11.28-02.06.01:501][249]LogModuleManager: Shutting down and abandoning module SettingsEditor (139)
[2015.11.28-02.06.01:501][249]LogModuleManager: Shutting down and abandoning module ProjectLauncher (138)
[2015.11.28-02.06.01:501][249]LogModuleManager: Shutting down and abandoning module SessionFrontend (137)
[2015.11.28-02.06.01:501][249]LogModuleManager: Shutting down and abandoning module ProfilerClient (136)
[2015.11.28-02.06.01:501][249]LogModuleManager: Shutting down and abandoning module TargetDeviceServices (135)
[2015.11.28-02.06.01:502][249]LogModuleManager: Shutting down and abandoning module DeviceManager (134)
[2015.11.28-02.06.01:502][249]LogModuleManager: Shutting down and abandoning module AutomationController (133)
[2015.11.28-02.06.01:502][249]LogModuleManager: Shutting down and abandoning module AutomationWindow (132)
[2015.11.28-02.06.01:502][249]LogModuleManager: Shutting down and abandoning module Layers (131)
[2015.11.28-02.06.01:502][249]LogModuleManager: Shutting down and abandoning module ComponentVisualizers (130)
[2015.11.28-02.06.01:502][249]LogModuleManager: Shutting down and abandoning module DetailCustomizations (129)
[2015.11.28-02.06.01:502][249]LogModuleManager: Shutting down and abandoning module PackagesDialog (128)
[2015.11.28-02.06.01:502][249]LogModuleManager: Shutting down and abandoning module AssetRegistry (127)
[2015.11.28-02.06.01:596][249]LogModuleManager: Shutting down and abandoning module Persona (126)
[2015.11.28-02.06.01:596][249]LogModuleManager: Shutting down and abandoning module SlateReflector (125)
[2015.11.28-02.06.01:596][249]LogModuleManager: Shutting down and abandoning module LevelEditor (124)
[2015.11.28-02.06.01:596][249]LogModuleManager: Shutting down and abandoning module Kismet (123)
[2015.11.28-02.06.01:596][249]LogModuleManager: Shutting down and abandoning module GraphEditor (122)
[2015.11.28-02.06.01:596][249]LogModuleManager: Shutting down and abandoning module ClassViewer (121)
[2015.11.28-02.06.01:596][249]LogModuleManager: Shutting down and abandoning module Toolbox (120)
[2015.11.28-02.06.01:597][249]LogModuleManager: Shutting down and abandoning module ModuleUI (119)
[2015.11.28-02.06.01:597][249]LogModuleManager: Shutting down and abandoning module MovieSceneTools (118)
[2015.11.28-02.06.01:597][249]LogModuleManager: Shutting down and abandoning module OutputLog (117)
[2015.11.28-02.06.01:597][249]LogModuleManager: Shutting down and abandoning module GammaUI (116)
[2015.11.28-02.06.01:597][249]LogModuleManager: Shutting down and abandoning module Documentation (115)
[2015.11.28-02.06.01:597][249]LogModuleManager: Shutting down and abandoning module GameLiveStreaming (114)
[2015.11.28-02.06.01:597][249]LogModuleManager: Shutting down and abandoning module StreamingPauseRendering (113)
[2015.11.28-02.06.01:597][249]LogModuleManager: Shutting down and abandoning module HTTP (112)
[2015.11.28-02.06.01:597][249]LogModuleManager: Shutting down and abandoning module AnalyticsET (111)
[2015.11.28-02.06.01:597][249]LogModuleManager: Shutting down and abandoning module Analytics (110)
[2015.11.28-02.06.01:597][249]LogModuleManager: Shutting down and abandoning module AITestSuite (109)
[2015.11.28-02.06.01:597][249]LogModuleManager: Shutting down and abandoning module GameplayDebugger (108)
[2015.11.28-02.06.01:597][249]LogModuleManager: Shutting down and abandoning module AIModule (107)
[2015.11.28-02.06.01:597][249]LogModuleManager: Shutting down and abandoning module ProfilerService (106)
[2015.11.28-02.06.01:767][249]LogModuleManager: Shutting down and abandoning module TaskGraph (105)
[2015.11.28-02.06.01:767][249]LogModuleManager: Shutting down and abandoning module SlateRemote (104)
[2015.11.28-02.06.01:767][249]LogModuleManager: Shutting down and abandoning module ScriptEditorPlugin (103)
[2015.11.28-02.06.01:767][249]LogModuleManager: Shutting down and abandoning module CustomMeshComponent (102)
[2015.11.28-02.06.01:767][249]LogModuleManager: Shutting down and abandoning module CableComponent (101)
[2015.11.28-02.06.01:767][249]LogModuleManager: Shutting down and abandoning module MessagingDebugger (100)
[2015.11.28-02.06.01:767][249]LogModuleManager: Shutting down and abandoning module MediaPlayerEditor (99)
[2015.11.28-02.06.01:767][249]LogModuleManager: Shutting down and abandoning module SpeedTreeImporter (98)
[2015.11.28-02.06.01:767][249]LogModuleManager: Shutting down and abandoning module PluginsEditor (97)
[2015.11.28-02.06.01:767][249]LogModuleManager: Shutting down and abandoning module MainFrame (96)
[2015.11.28-02.06.01:767][249]LogModuleManager: Shutting down and abandoning module EpicSurvey (95)
[2015.11.28-02.06.01:767][249]LogModuleManager: Shutting down and abandoning module DesktopPlatform (94)
[2015.11.28-02.06.01:767][249]LogModuleManager: Shutting down and abandoning module DirectoryWatcher (93)
[2015.11.28-02.06.01:768][249]LogModuleManager: Shutting down and abandoning module HotReload (92)
[2015.11.28-02.06.01:768][249]LogModuleManager: Shutting down and abandoning module VisualStudioSourceCodeAccess (91)
[2015.11.28-02.06.01:768][249]LogModuleManager: Shutting down and abandoning module UObjectPlugin (90)
[2015.11.28-02.06.01:768][249]LogModuleManager: Shutting down and abandoning module SubversionSourceControl (89)
[2015.11.28-02.06.01:768][249]LogModuleManager: Shutting down and abandoning module PerforceSourceControl (88)
[2015.11.28-02.06.01:768][249]LogModuleManager: Shutting down and abandoning module SourceControl (87)
[2015.11.28-02.06.01:768][249]LogModuleManager: Shutting down and abandoning module GitSourceControl (86)
[2015.11.28-02.06.01:768][249]LogModuleManager: Shutting down and abandoning module BlankPlugin (85)
[2015.11.28-02.06.01:768][249]LogModuleManager: Shutting down and abandoning module PaperTiledImporter (84)
[2015.11.28-02.06.01:768][249]LogModuleManager: Shutting down and abandoning module PaperJsonImporter (83)
[2015.11.28-02.06.01:768][249]LogModuleManager: Shutting down and abandoning module ContentBrowser (82)
[2015.11.28-02.06.01:769][249]LogModuleManager: Shutting down and abandoning module Paper2DEditor (81)
[2015.11.28-02.06.01:770][249]LogModuleManager: Shutting down and abandoning module ScriptPlugin (80)
[2015.11.28-02.06.01:770][249]LogModuleManager: Shutting down and abandoning module UdpMessaging (79)
[2015.11.28-02.06.01:870][249]LogModuleManager: Shutting down and abandoning module Paper2D (78)
[2015.11.28-02.06.01:870][249]LogModuleManager: Shutting down and abandoning module WindowsMoviePlayer (77)
[2015.11.28-02.06.01:874][249]LogModuleManager: Shutting down and abandoning module Media (76)
[2015.11.28-02.06.01:874][249]LogModuleManager: Shutting down and abandoning module WmfMedia (75)
[2015.11.28-02.06.01:874][249]LogModuleManager: Shutting down and abandoning module OnlineBlueprintSupport (74)
[2015.11.28-02.06.01:874][249]LogModuleManager: Shutting down and abandoning module PropertyEditor (73)
[2015.11.28-02.06.01:874][249]LogModuleManager: Shutting down and abandoning module BehaviorTreeEditor (72)
[2015.11.28-02.06.01:874][249]LogModuleManager: Shutting down and abandoning module FunctionalTesting (71)
[2015.11.28-02.06.01:874][249]LogModuleManager: Shutting down and abandoning module CollisionAnalyzer (70)
[2015.11.28-02.06.01:874][249]LogModuleManager: Shutting down and abandoning module WorkspaceMenuStructure (69)
[2015.11.28-02.06.01:874][249]LogModuleManager: Shutting down and abandoning module MessageLog (68)
[2015.11.28-02.06.01:874][249]LogModuleManager: Shutting down and abandoning module Sequencer (67)
[2015.11.28-02.06.01:874][249]LogModuleManager: Shutting down and abandoning module AssetTools (66)
[2015.11.28-02.06.01:874][249]LogModuleManager: Shutting down and abandoning module UMGEditor (65)
[2015.11.28-02.06.01:875][249]LogModuleManager: Shutting down and abandoning module UMG (64)
[2015.11.28-02.06.01:875][249]LogModuleManager: Shutting down and abandoning module Slate (63)
[2015.11.28-02.06.01:875][249]LogModuleManager: Shutting down and abandoning module EditorStyle (62)
[2015.11.28-02.06.01:883][249]LogModuleManager: Shutting down and abandoning module SessionServices (61)
[2015.11.28-02.06.01:883][249]LogModuleManager: Shutting down and abandoning module SourceCodeAccess (60)
[2015.11.28-02.06.01:883][249]LogModuleManager: Shutting down and abandoning module HeadMountedDisplay (59)
[2015.11.28-02.06.01:883][249]LogModuleManager: Shutting down and abandoning module XAudio2 (58)
[2015.11.28-02.06.01:883][249]LogModuleManager: Shutting down and abandoning module Networking (56)
[2015.11.28-02.06.01:883][249]LogModuleManager: Shutting down and abandoning module Core (55)
[2015.11.28-02.06.01:883][249]LogModuleManager: Shutting down and abandoning module KismetCompiler (54)
[2015.11.28-02.06.01:883][249]LogModuleManager: Shutting down and abandoning module PhysXFormats (53)
[2015.11.28-02.06.01:883][249]LogModuleManager: Shutting down and abandoning module MeshUtilities (52)
[2015.11.28-02.06.01:883][249]LogModuleManager: Shutting down and abandoning module DerivedDataCache (51)
[2015.11.28-02.06.01:893][249]LogDerivedDataCache: Shutdown
[2015.11.28-02.06.01:893][249]LogModuleManager: Shutting down and abandoning module ShaderFormatOpenGL (50)
[2015.11.28-02.06.01:893][249]LogModuleManager: Shutting down and abandoning module ShaderFormatD3D (49)
[2015.11.28-02.06.01:893][249]LogModuleManager: Shutting down and abandoning module MetalShaderFormat (48)
[2015.11.28-02.06.01:893][249]LogModuleManager: Shutting down and abandoning module TextureFormatUncompressed (47)
[2015.11.28-02.06.01:893][249]LogModuleManager: Shutting down and abandoning module TextureFormatPVR (46)
[2015.11.28-02.06.01:893][249]LogModuleManager: Shutting down and abandoning module TextureFormatIntelISPCTexComp (45)
[2015.11.28-02.06.01:893][249]LogModuleManager: Shutting down and abandoning module TextureFormatDXT (44)
[2015.11.28-02.06.01:893][249]LogModuleManager: Shutting down and abandoning module ImageWrapper (43)
[2015.11.28-02.06.01:893][249]LogModuleManager: Shutting down and abandoning module TextureFormatASTC (42)
[2015.11.28-02.06.01:893][249]LogModuleManager: Shutting down and abandoning module TextureFormatAndroid (41)
[2015.11.28-02.06.01:893][249]LogModuleManager: Shutting down and abandoning module AudioFormatOpus (40)
[2015.11.28-02.06.01:893][249]LogModuleManager: Shutting down and abandoning module AudioFormatOgg (39)
[2015.11.28-02.06.01:893][249]LogModuleManager: Shutting down and abandoning module AudioFormatADPCM (38)
[2015.11.28-02.06.01:893][249]LogModuleManager: Shutting down and abandoning module LinuxTargetPlatform (37)
[2015.11.28-02.06.01:893][249]LogModuleManager: Shutting down and abandoning module LinuxServerTargetPlatform (36)
[2015.11.28-02.06.01:893][249]LogModuleManager: Shutting down and abandoning module LinuxNoEditorTargetPlatform (35)
[2015.11.28-02.06.01:893][249]LogModuleManager: Shutting down and abandoning module Messaging (34)
[2015.11.28-02.06.01:893][249]LogModuleManager: Shutting down and abandoning module IOSTargetPlatform (33)
[2015.11.28-02.06.01:894][249]LogModuleManager: Shutting down and abandoning module HTML5TargetPlatform (32)
[2015.11.28-02.06.01:894][249]LogModuleManager: Shutting down and abandoning module Android_PVRTCTargetPlatform (31)
[2015.11.28-02.06.01:894][249]LogModuleManager: Shutting down and abandoning module Android_ETC2TargetPlatform (30)
[2015.11.28-02.06.01:894][249]LogModuleManager: Shutting down and abandoning module Android_ETC1TargetPlatform (29)
[2015.11.28-02.06.01:894][249]LogModuleManager: Shutting down and abandoning module Android_ES31TargetPlatform (28)
[2015.11.28-02.06.01:894][249]LogModuleManager: Shutting down and abandoning module Android_DXTTargetPlatform (27)
[2015.11.28-02.06.01:894][249]LogModuleManager: Shutting down and abandoning module Android_ATCTargetPlatform (26)
[2015.11.28-02.06.01:894][249]LogModuleManager: Shutting down and abandoning module AndroidTargetPlatform (25)
[2015.11.28-02.06.01:894][249]LogModuleManager: Shutting down and abandoning module WindowsTargetPlatform (24)
[2015.11.28-02.06.01:894][249]LogModuleManager: Shutting down and abandoning module WindowsServerTargetPlatform (23)
[2015.11.28-02.06.01:894][249]LogModuleManager: Shutting down and abandoning module WindowsNoEditorTargetPlatform (22)
[2015.11.28-02.06.01:894][249]LogModuleManager: Shutting down and abandoning module WindowsClientTargetPlatform (21)
[2015.11.28-02.06.01:894][249]LogModuleManager: Shutting down and abandoning module TargetPlatform (20)
[2015.11.28-02.06.01:894][249]LogModuleManager: Shutting down and abandoning module InputCore (19)
[2015.11.28-02.06.01:894][249]LogModuleManager: Shutting down and abandoning module Settings (18)
[2015.11.28-02.06.01:894][249]LogModuleManager: Shutting down and abandoning module OnlineSubsystem (16)
[2015.11.28-02.06.01:894][249]LogModuleManager: Shutting down and abandoning module OculusRift (15)
[2015.11.28-02.06.01:894][249]LogModuleManager: Shutting down and abandoning module ExampleDeviceProfileSelector (14)
[2015.11.28-02.06.01:894][249]LogModuleManager: Shutting down and abandoning module TextureCompressor (13)
[2015.11.28-02.06.01:894][249]LogModuleManager: Shutting down and abandoning module ShaderCore (12)
[2015.11.28-02.06.01:894][249]LogModuleManager: Shutting down and abandoning module Landscape (11)
[2015.11.28-02.06.01:894][249]LogModuleManager: Shutting down and abandoning module SlateRHIRenderer (10)
[2015.11.28-02.06.01:900][249]LogModuleManager: Shutting down and abandoning module OpenGLDrv (9)
[2015.11.28-02.06.01:900][249]LogModuleManager: Shutting down and abandoning module D3D11RHI (8)
[2015.11.28-02.06.01:900][249]LogModuleManager: Shutting down and abandoning module Renderer (7)
[2015.11.28-02.06.01:900][249]LogModuleManager: Shutting down and abandoning module Engine (6)
[2015.11.28-02.06.01:900][249]LogModuleManager: Shutting down and abandoning module CoreUObject (5)
[2015.11.28-02.06.01:900][249]LogModuleManager: Shutting down and abandoning module NetworkFile (4)
[2015.11.28-02.06.01:900][249]LogModuleManager: Shutting down and abandoning module StreamingFile (3)
[2015.11.28-02.06.01:900][249]LogModuleManager: Shutting down and abandoning module SandboxFile (2)
[2015.11.28-02.06.01:900][249]LogModuleManager: Shutting down and abandoning module PakFile (1)
[2015.11.28-02.06.01:901][249]LogExit: Exiting.
[2015.11.28-02.06.01:934][249]Log file closed, 11/27/15 18:06:01
